mode: set
github.com/OpenReqEU/ri-orchestration-twitter/set.go:18.20,22.2 3 1
github.com/OpenReqEU/ri-orchestration-twitter/set.go:24.61,26.2 1 1
github.com/OpenReqEU/ri-orchestration-twitter/set.go:28.34,30.2 1 0
github.com/OpenReqEU/ri-orchestration-twitter/set.go:32.41,35.2 2 0
github.com/OpenReqEU/ri-orchestration-twitter/set.go:37.31,39.23 2 1
github.com/OpenReqEU/ri-orchestration-twitter/set.go:44.2,44.32 1 1
github.com/OpenReqEU/ri-orchestration-twitter/set.go:39.23,42.3 2 1
github.com/OpenReqEU/ri-orchestration-twitter/starter.go:15.13,25.2 7 0
github.com/OpenReqEU/ri-orchestration-twitter/starter.go:27.19,32.2 3 1
github.com/OpenReqEU/ri-orchestration-twitter/starter.go:34.31,41.2 6 1
github.com/OpenReqEU/ri-orchestration-twitter/starter.go:51.75,62.43 8 1
github.com/OpenReqEU/ri-orchestration-twitter/starter.go:69.2,73.9 3 1
github.com/OpenReqEU/ri-orchestration-twitter/starter.go:79.2,85.105 4 1
github.com/OpenReqEU/ri-orchestration-twitter/starter.go:62.43,67.3 4 1
github.com/OpenReqEU/ri-orchestration-twitter/starter.go:73.9,77.3 3 0
github.com/OpenReqEU/ri-orchestration-twitter/starter.go:88.81,99.2 6 1
github.com/OpenReqEU/ri-orchestration-twitter/starter.go:109.64,118.43 7 1
github.com/OpenReqEU/ri-orchestration-twitter/starter.go:124.2,127.100 3 1
github.com/OpenReqEU/ri-orchestration-twitter/starter.go:118.43,122.3 3 1
github.com/OpenReqEU/ri-orchestration-twitter/starter.go:130.76,135.2 3 1
github.com/OpenReqEU/ri-orchestration-twitter/model.go:32.81,33.78 1 1
github.com/OpenReqEU/ri-orchestration-twitter/model.go:36.2,36.14 1 1
github.com/OpenReqEU/ri-orchestration-twitter/model.go:33.78,35.3 1 1
github.com/OpenReqEU/ri-orchestration-twitter/observer.go:14.24,21.41 5 1
github.com/OpenReqEU/ri-orchestration-twitter/observer.go:27.2,27.18 1 1
github.com/OpenReqEU/ri-orchestration-twitter/observer.go:21.41,22.50 1 1
github.com/OpenReqEU/ri-orchestration-twitter/observer.go:25.3,25.44 1 1
github.com/OpenReqEU/ri-orchestration-twitter/observer.go:22.50,23.12 1 0
github.com/OpenReqEU/ri-orchestration-twitter/observer.go:30.50,36.91 5 1
github.com/OpenReqEU/ri-orchestration-twitter/observer.go:47.2,53.94 3 1
github.com/OpenReqEU/ri-orchestration-twitter/observer.go:56.2,56.16 1 1
github.com/OpenReqEU/ri-orchestration-twitter/observer.go:59.2,59.48 1 1
github.com/OpenReqEU/ri-orchestration-twitter/observer.go:36.91,37.60 1 1
github.com/OpenReqEU/ri-orchestration-twitter/observer.go:37.60,40.4 2 1
github.com/OpenReqEU/ri-orchestration-twitter/observer.go:40.9,44.4 2 1
github.com/OpenReqEU/ri-orchestration-twitter/observer.go:53.94,55.3 1 0
github.com/OpenReqEU/ri-orchestration-twitter/observer.go:56.16,58.3 1 0
github.com/OpenReqEU/ri-orchestration-twitter/observer.go:62.53,67.29 5 1
github.com/OpenReqEU/ri-orchestration-twitter/observer.go:70.2,72.59 3 1
github.com/OpenReqEU/ri-orchestration-twitter/observer.go:76.2,77.18 2 1
github.com/OpenReqEU/ri-orchestration-twitter/observer.go:67.29,69.3 1 0
github.com/OpenReqEU/ri-orchestration-twitter/observer.go:72.59,75.3 2 1
github.com/OpenReqEU/ri-orchestration-twitter/observer.go:77.18,79.42 2 1
github.com/OpenReqEU/ri-orchestration-twitter/observer.go:83.3,83.69 1 1
github.com/OpenReqEU/ri-orchestration-twitter/observer.go:79.42,82.4 2 1
github.com/OpenReqEU/ri-orchestration-twitter/observer.go:87.48,89.77 2 1
github.com/OpenReqEU/ri-orchestration-twitter/observer.go:97.2,97.14 1 0
github.com/OpenReqEU/ri-orchestration-twitter/observer.go:89.77,95.3 4 1
github.com/OpenReqEU/ri-orchestration-twitter/observer.go:100.52,104.20 4 1
github.com/OpenReqEU/ri-orchestration-twitter/observer.go:109.2,114.59 5 1
github.com/OpenReqEU/ri-orchestration-twitter/observer.go:118.2,120.18 2 1
github.com/OpenReqEU/ri-orchestration-twitter/observer.go:128.2,128.56 1 1
github.com/OpenReqEU/ri-orchestration-twitter/observer.go:104.20,106.3 1 1
github.com/OpenReqEU/ri-orchestration-twitter/observer.go:106.8,108.3 1 1
github.com/OpenReqEU/ri-orchestration-twitter/observer.go:114.59,117.3 2 1
github.com/OpenReqEU/ri-orchestration-twitter/observer.go:120.18,122.42 2 1
github.com/OpenReqEU/ri-orchestration-twitter/observer.go:126.3,126.69 1 1
github.com/OpenReqEU/ri-orchestration-twitter/observer.go:122.42,125.4 2 1
github.com/OpenReqEU/ri-orchestration-twitter/observer.go:131.24,133.65 2 1
github.com/OpenReqEU/ri-orchestration-twitter/observer.go:136.2,136.78 1 1
github.com/OpenReqEU/ri-orchestration-twitter/observer.go:133.65,135.3 1 1
github.com/OpenReqEU/ri-orchestration-twitter/observer.go:139.50,151.59 2 1
github.com/OpenReqEU/ri-orchestration-twitter/observer.go:151.59,153.3 1 1
github.com/OpenReqEU/ri-orchestration-twitter/observer.go:153.8,155.3 1 1
github.com/OpenReqEU/ri-orchestration-twitter/observer.go:158.69,160.2 1 1
github.com/OpenReqEU/ri-orchestration-twitter/observer.go:162.44,165.22 3 1
github.com/OpenReqEU/ri-orchestration-twitter/observer.go:178.2,178.20 1 1
github.com/OpenReqEU/ri-orchestration-twitter/observer.go:182.2,182.15 1 1
github.com/OpenReqEU/ri-orchestration-twitter/observer.go:165.22,170.23 4 1
github.com/OpenReqEU/ri-orchestration-twitter/observer.go:170.23,175.4 4 1
github.com/OpenReqEU/ri-orchestration-twitter/observer.go:178.20,180.3 1 1
github.com/OpenReqEU/ri-orchestration-twitter/observer.go:185.58,187.2 1 1
github.com/OpenReqEU/ri-orchestration-twitter/observer.go:189.51,191.2 1 1
github.com/OpenReqEU/ri-orchestration-twitter/observer.go:193.48,195.2 1 1
github.com/OpenReqEU/ri-orchestration-twitter/observer.go:197.54,199.2 1 1
github.com/OpenReqEU/ri-orchestration-twitter/observer.go:201.37,203.2 1 1
github.com/OpenReqEU/ri-orchestration-twitter/observer.go:205.34,207.84 2 1
github.com/OpenReqEU/ri-orchestration-twitter/observer.go:210.2,210.16 1 1
github.com/OpenReqEU/ri-orchestration-twitter/observer.go:213.2,213.36 1 1
github.com/OpenReqEU/ri-orchestration-twitter/observer.go:207.84,209.3 1 0
github.com/OpenReqEU/ri-orchestration-twitter/observer.go:210.16,212.3 1 0
github.com/OpenReqEU/ri-orchestration-twitter/observer.go:216.45,218.65 2 1
github.com/OpenReqEU/ri-orchestration-twitter/observer.go:239.2,239.65 1 1
github.com/OpenReqEU/ri-orchestration-twitter/observer.go:218.65,221.23 3 1
github.com/OpenReqEU/ri-orchestration-twitter/observer.go:225.3,226.53 2 1
github.com/OpenReqEU/ri-orchestration-twitter/observer.go:237.3,237.54 1 1
github.com/OpenReqEU/ri-orchestration-twitter/observer.go:221.23,223.12 2 0
github.com/OpenReqEU/ri-orchestration-twitter/observer.go:226.53,229.31 3 1
github.com/OpenReqEU/ri-orchestration-twitter/observer.go:229.31,231.44 2 1
github.com/OpenReqEU/ri-orchestration-twitter/observer.go:231.44,234.6 2 1
github.com/OpenReqEU/ri-orchestration-twitter/rest_handler.go:51.35,54.16 3 1
github.com/OpenReqEU/ri-orchestration-twitter/rest_handler.go:57.2,69.69 4 1
github.com/OpenReqEU/ri-orchestration-twitter/rest_handler.go:75.2,75.15 1 1
github.com/OpenReqEU/ri-orchestration-twitter/rest_handler.go:54.16,56.3 1 0
github.com/OpenReqEU/ri-orchestration-twitter/rest_handler.go:69.69,72.4 2 0
github.com/OpenReqEU/ri-orchestration-twitter/rest_handler.go:79.75,82.16 3 1
github.com/OpenReqEU/ri-orchestration-twitter/rest_handler.go:86.2,91.16 6 1
github.com/OpenReqEU/ri-orchestration-twitter/rest_handler.go:94.2,96.30 2 1
github.com/OpenReqEU/ri-orchestration-twitter/rest_handler.go:82.16,84.3 1 0
github.com/OpenReqEU/ri-orchestration-twitter/rest_handler.go:91.16,93.3 1 0
github.com/OpenReqEU/ri-orchestration-twitter/rest_handler.go:100.62,109.16 7 1
github.com/OpenReqEU/ri-orchestration-twitter/rest_handler.go:113.2,122.16 9 1
github.com/OpenReqEU/ri-orchestration-twitter/rest_handler.go:127.2,127.19 1 1
github.com/OpenReqEU/ri-orchestration-twitter/rest_handler.go:109.16,112.3 2 0
github.com/OpenReqEU/ri-orchestration-twitter/rest_handler.go:122.16,125.3 2 0
github.com/OpenReqEU/ri-orchestration-twitter/rest_handler.go:131.78,134.16 3 1
github.com/OpenReqEU/ri-orchestration-twitter/rest_handler.go:138.2,143.16 6 1
github.com/OpenReqEU/ri-orchestration-twitter/rest_handler.go:146.2,148.30 2 1
github.com/OpenReqEU/ri-orchestration-twitter/rest_handler.go:134.16,136.3 1 0
github.com/OpenReqEU/ri-orchestration-twitter/rest_handler.go:143.16,145.3 1 0
github.com/OpenReqEU/ri-orchestration-twitter/rest_handler.go:152.81,161.16 8 1
github.com/OpenReqEU/ri-orchestration-twitter/rest_handler.go:165.2,168.16 3 1
github.com/OpenReqEU/ri-orchestration-twitter/rest_handler.go:173.2,173.17 1 1
github.com/OpenReqEU/ri-orchestration-twitter/rest_handler.go:161.16,164.3 2 0
github.com/OpenReqEU/ri-orchestration-twitter/rest_handler.go:168.16,171.3 2 0
github.com/OpenReqEU/ri-orchestration-twitter/rest_handler.go:177.66,186.16 8 1
github.com/OpenReqEU/ri-orchestration-twitter/rest_handler.go:190.2,193.16 3 1
github.com/OpenReqEU/ri-orchestration-twitter/rest_handler.go:198.2,198.14 1 1
github.com/OpenReqEU/ri-orchestration-twitter/rest_handler.go:186.16,189.3 2 0
github.com/OpenReqEU/ri-orchestration-twitter/rest_handler.go:193.16,196.3 2 0
github.com/OpenReqEU/ri-orchestration-twitter/rest_handler.go:202.66,211.16 8 1
github.com/OpenReqEU/ri-orchestration-twitter/rest_handler.go:215.2,218.16 3 1
github.com/OpenReqEU/ri-orchestration-twitter/rest_handler.go:223.2,223.15 1 1
github.com/OpenReqEU/ri-orchestration-twitter/rest_handler.go:211.16,214.3 2 0
github.com/OpenReqEU/ri-orchestration-twitter/rest_handler.go:218.16,221.3 2 0
github.com/OpenReqEU/ri-orchestration-twitter/rest_handler.go:226.81,235.16 8 1
github.com/OpenReqEU/ri-orchestration-twitter/rest_handler.go:239.2,242.16 3 1
github.com/OpenReqEU/ri-orchestration-twitter/rest_handler.go:247.2,247.15 1 0
github.com/OpenReqEU/ri-orchestration-twitter/rest_handler.go:235.16,238.3 2 0
github.com/OpenReqEU/ri-orchestration-twitter/rest_handler.go:242.16,245.3 2 1
github.com/OpenReqEU/ri-orchestration-twitter/rest_handler.go:251.66,256.16 4 1
github.com/OpenReqEU/ri-orchestration-twitter/rest_handler.go:260.2,265.16 6 1
github.com/OpenReqEU/ri-orchestration-twitter/rest_handler.go:269.2,272.16 3 1
github.com/OpenReqEU/ri-orchestration-twitter/rest_handler.go:276.2,276.25 1 1
github.com/OpenReqEU/ri-orchestration-twitter/rest_handler.go:256.16,258.3 1 0
github.com/OpenReqEU/ri-orchestration-twitter/rest_handler.go:265.16,268.3 2 0
github.com/OpenReqEU/ri-orchestration-twitter/rest_handler.go:272.16,274.3 1 0
github.com/OpenReqEU/ri-orchestration-twitter/rest_handler.go:280.47,283.16 3 1
github.com/OpenReqEU/ri-orchestration-twitter/rest_handler.go:287.2,292.16 6 1
github.com/OpenReqEU/ri-orchestration-twitter/rest_handler.go:295.2,297.30 2 1
github.com/OpenReqEU/ri-orchestration-twitter/rest_handler.go:283.16,285.3 1 0
github.com/OpenReqEU/ri-orchestration-twitter/rest_handler.go:292.16,294.3 1 0
github.com/OpenReqEU/ri-orchestration-twitter/rest_handler.go:301.57,304.16 3 1
github.com/OpenReqEU/ri-orchestration-twitter/rest_handler.go:308.2,313.16 6 1
github.com/OpenReqEU/ri-orchestration-twitter/rest_handler.go:316.2,318.30 2 1
github.com/OpenReqEU/ri-orchestration-twitter/rest_handler.go:304.16,306.3 1 0
github.com/OpenReqEU/ri-orchestration-twitter/rest_handler.go:313.16,315.3 1 0
github.com/OpenReqEU/ri-orchestration-twitter/rest_handler.go:322.58,327.16 4 1
github.com/OpenReqEU/ri-orchestration-twitter/rest_handler.go:331.2,336.16 6 1
github.com/OpenReqEU/ri-orchestration-twitter/rest_handler.go:339.2,342.16 3 1
github.com/OpenReqEU/ri-orchestration-twitter/rest_handler.go:346.2,346.20 1 1
github.com/OpenReqEU/ri-orchestration-twitter/rest_handler.go:327.16,329.3 1 0
github.com/OpenReqEU/ri-orchestration-twitter/rest_handler.go:336.16,338.3 1 0
github.com/OpenReqEU/ri-orchestration-twitter/rest_handler.go:342.16,344.3 1 0
github.com/OpenReqEU/ri-orchestration-twitter/rest_handler.go:350.49,353.16 3 1
github.com/OpenReqEU/ri-orchestration-twitter/rest_handler.go:357.2,362.16 6 1
github.com/OpenReqEU/ri-orchestration-twitter/rest_handler.go:365.2,367.30 2 1
github.com/OpenReqEU/ri-orchestration-twitter/rest_handler.go:353.16,355.3 1 0
github.com/OpenReqEU/ri-orchestration-twitter/rest_handler.go:362.16,364.3 1 0
