mode: set
github.com/OpenReqEU/ri-orchestration-twitter/model.go:32.81,33.78 1 0
github.com/OpenReqEU/ri-orchestration-twitter/model.go:36.2,36.14 1 0
github.com/OpenReqEU/ri-orchestration-twitter/model.go:33.78,35.3 1 0
github.com/OpenReqEU/ri-orchestration-twitter/observer.go:14.24,21.41 5 1
github.com/OpenReqEU/ri-orchestration-twitter/observer.go:27.2,27.18 1 1
github.com/OpenReqEU/ri-orchestration-twitter/observer.go:21.41,22.50 1 0
github.com/OpenReqEU/ri-orchestration-twitter/observer.go:25.3,25.44 1 0
github.com/OpenReqEU/ri-orchestration-twitter/observer.go:22.50,23.12 1 0
github.com/OpenReqEU/ri-orchestration-twitter/observer.go:30.50,36.91 5 1
github.com/OpenReqEU/ri-orchestration-twitter/observer.go:47.2,53.94 3 1
github.com/OpenReqEU/ri-orchestration-twitter/observer.go:79.2,79.16 1 1
github.com/OpenReqEU/ri-orchestration-twitter/observer.go:82.2,82.48 1 1
github.com/OpenReqEU/ri-orchestration-twitter/observer.go:36.91,37.60 1 0
github.com/OpenReqEU/ri-orchestration-twitter/observer.go:37.60,40.4 2 0
github.com/OpenReqEU/ri-orchestration-twitter/observer.go:40.9,44.4 2 0
github.com/OpenReqEU/ri-orchestration-twitter/observer.go:53.94,58.30 5 0
github.com/OpenReqEU/ri-orchestration-twitter/observer.go:62.3,64.60 3 0
github.com/OpenReqEU/ri-orchestration-twitter/observer.go:68.3,70.19 2 0
github.com/OpenReqEU/ri-orchestration-twitter/observer.go:58.30,60.4 1 0
github.com/OpenReqEU/ri-orchestration-twitter/observer.go:64.60,67.4 2 0
github.com/OpenReqEU/ri-orchestration-twitter/observer.go:70.19,72.43 2 0
github.com/OpenReqEU/ri-orchestration-twitter/observer.go:76.4,76.70 1 0
github.com/OpenReqEU/ri-orchestration-twitter/observer.go:72.43,75.5 2 0
github.com/OpenReqEU/ri-orchestration-twitter/observer.go:79.16,81.3 1 0
github.com/OpenReqEU/ri-orchestration-twitter/observer.go:85.48,87.77 2 0
github.com/OpenReqEU/ri-orchestration-twitter/observer.go:95.2,95.14 1 0
github.com/OpenReqEU/ri-orchestration-twitter/observer.go:87.77,93.3 4 0
github.com/OpenReqEU/ri-orchestration-twitter/observer.go:98.52,102.20 4 0
github.com/OpenReqEU/ri-orchestration-twitter/observer.go:107.2,112.59 5 0
github.com/OpenReqEU/ri-orchestration-twitter/observer.go:116.2,118.18 2 0
github.com/OpenReqEU/ri-orchestration-twitter/observer.go:126.2,126.56 1 0
github.com/OpenReqEU/ri-orchestration-twitter/observer.go:102.20,104.3 1 0
github.com/OpenReqEU/ri-orchestration-twitter/observer.go:104.8,106.3 1 0
github.com/OpenReqEU/ri-orchestration-twitter/observer.go:112.59,115.3 2 0
github.com/OpenReqEU/ri-orchestration-twitter/observer.go:118.18,120.42 2 0
github.com/OpenReqEU/ri-orchestration-twitter/observer.go:124.3,124.69 1 0
github.com/OpenReqEU/ri-orchestration-twitter/observer.go:120.42,123.4 2 0
github.com/OpenReqEU/ri-orchestration-twitter/observer.go:129.24,131.65 2 1
github.com/OpenReqEU/ri-orchestration-twitter/observer.go:134.2,134.78 1 1
github.com/OpenReqEU/ri-orchestration-twitter/observer.go:131.65,133.3 1 0
github.com/OpenReqEU/ri-orchestration-twitter/observer.go:137.50,138.18 1 1
github.com/OpenReqEU/ri-orchestration-twitter/observer.go:139.18,140.21 1 0
github.com/OpenReqEU/ri-orchestration-twitter/observer.go:141.16,142.19 1 0
github.com/OpenReqEU/ri-orchestration-twitter/observer.go:143.15,144.18 1 0
github.com/OpenReqEU/ri-orchestration-twitter/observer.go:145.18,146.21 1 1
github.com/OpenReqEU/ri-orchestration-twitter/observer.go:147.16,148.19 1 0
github.com/OpenReqEU/ri-orchestration-twitter/observer.go:149.17,150.20 1 0
github.com/OpenReqEU/ri-orchestration-twitter/observer.go:151.12,152.25 1 0
github.com/OpenReqEU/ri-orchestration-twitter/observer.go:153.12,154.25 1 1
github.com/OpenReqEU/ri-orchestration-twitter/observer.go:155.10,156.18 1 0
github.com/OpenReqEU/ri-orchestration-twitter/observer.go:160.69,162.2 1 0
github.com/OpenReqEU/ri-orchestration-twitter/observer.go:164.44,167.22 3 0
github.com/OpenReqEU/ri-orchestration-twitter/observer.go:180.2,180.15 1 0
github.com/OpenReqEU/ri-orchestration-twitter/observer.go:167.22,172.23 4 0
github.com/OpenReqEU/ri-orchestration-twitter/observer.go:172.23,177.4 4 0
github.com/OpenReqEU/ri-orchestration-twitter/observer.go:183.58,185.2 1 0
github.com/OpenReqEU/ri-orchestration-twitter/observer.go:187.51,189.2 1 0
github.com/OpenReqEU/ri-orchestration-twitter/observer.go:191.48,193.2 1 0
github.com/OpenReqEU/ri-orchestration-twitter/observer.go:195.54,197.2 1 0
github.com/OpenReqEU/ri-orchestration-twitter/observer.go:199.37,201.2 1 0
github.com/OpenReqEU/ri-orchestration-twitter/observer.go:203.34,205.84 2 1
github.com/OpenReqEU/ri-orchestration-twitter/observer.go:208.2,208.16 1 1
github.com/OpenReqEU/ri-orchestration-twitter/observer.go:211.2,211.36 1 1
github.com/OpenReqEU/ri-orchestration-twitter/observer.go:205.84,207.3 1 0
github.com/OpenReqEU/ri-orchestration-twitter/observer.go:208.16,210.3 1 0
github.com/OpenReqEU/ri-orchestration-twitter/observer.go:214.45,216.65 2 0
github.com/OpenReqEU/ri-orchestration-twitter/observer.go:237.2,237.65 1 0
github.com/OpenReqEU/ri-orchestration-twitter/observer.go:216.65,219.23 3 0
github.com/OpenReqEU/ri-orchestration-twitter/observer.go:223.3,224.53 2 0
github.com/OpenReqEU/ri-orchestration-twitter/observer.go:235.3,235.54 1 0
github.com/OpenReqEU/ri-orchestration-twitter/observer.go:219.23,221.12 2 0
github.com/OpenReqEU/ri-orchestration-twitter/observer.go:224.53,227.31 3 0
github.com/OpenReqEU/ri-orchestration-twitter/observer.go:227.31,229.44 2 0
github.com/OpenReqEU/ri-orchestration-twitter/observer.go:229.44,232.6 2 0
github.com/OpenReqEU/ri-orchestration-twitter/rest_handler.go:51.35,54.16 3 1
github.com/OpenReqEU/ri-orchestration-twitter/rest_handler.go:57.2,69.69 4 1
github.com/OpenReqEU/ri-orchestration-twitter/rest_handler.go:75.2,75.15 1 1
github.com/OpenReqEU/ri-orchestration-twitter/rest_handler.go:54.16,56.3 1 0
github.com/OpenReqEU/ri-orchestration-twitter/rest_handler.go:69.69,72.4 2 0
github.com/OpenReqEU/ri-orchestration-twitter/rest_handler.go:79.75,82.16 3 1
github.com/OpenReqEU/ri-orchestration-twitter/rest_handler.go:86.2,91.16 6 1
github.com/OpenReqEU/ri-orchestration-twitter/rest_handler.go:94.2,96.30 2 1
github.com/OpenReqEU/ri-orchestration-twitter/rest_handler.go:82.16,84.3 1 0
github.com/OpenReqEU/ri-orchestration-twitter/rest_handler.go:91.16,93.3 1 0
github.com/OpenReqEU/ri-orchestration-twitter/rest_handler.go:100.62,109.16 7 1
github.com/OpenReqEU/ri-orchestration-twitter/rest_handler.go:113.2,122.16 9 0
github.com/OpenReqEU/ri-orchestration-twitter/rest_handler.go:127.2,127.19 1 0
github.com/OpenReqEU/ri-orchestration-twitter/rest_handler.go:109.16,112.3 2 1
github.com/OpenReqEU/ri-orchestration-twitter/rest_handler.go:122.16,125.3 2 0
github.com/OpenReqEU/ri-orchestration-twitter/rest_handler.go:131.78,134.16 3 0
github.com/OpenReqEU/ri-orchestration-twitter/rest_handler.go:138.2,143.16 6 0
github.com/OpenReqEU/ri-orchestration-twitter/rest_handler.go:146.2,148.30 2 0
github.com/OpenReqEU/ri-orchestration-twitter/rest_handler.go:134.16,136.3 1 0
github.com/OpenReqEU/ri-orchestration-twitter/rest_handler.go:143.16,145.3 1 0
github.com/OpenReqEU/ri-orchestration-twitter/rest_handler.go:152.81,161.16 8 1
github.com/OpenReqEU/ri-orchestration-twitter/rest_handler.go:165.2,170.16 3 1
github.com/OpenReqEU/ri-orchestration-twitter/rest_handler.go:175.2,175.17 1 1
github.com/OpenReqEU/ri-orchestration-twitter/rest_handler.go:161.16,164.3 2 0
github.com/OpenReqEU/ri-orchestration-twitter/rest_handler.go:170.16,173.3 2 0
github.com/OpenReqEU/ri-orchestration-twitter/rest_handler.go:179.66,188.16 8 0
github.com/OpenReqEU/ri-orchestration-twitter/rest_handler.go:192.2,195.16 3 0
github.com/OpenReqEU/ri-orchestration-twitter/rest_handler.go:200.2,200.14 1 0
github.com/OpenReqEU/ri-orchestration-twitter/rest_handler.go:188.16,191.3 2 0
github.com/OpenReqEU/ri-orchestration-twitter/rest_handler.go:195.16,198.3 2 0
github.com/OpenReqEU/ri-orchestration-twitter/rest_handler.go:204.66,213.16 8 0
github.com/OpenReqEU/ri-orchestration-twitter/rest_handler.go:217.2,220.16 3 0
github.com/OpenReqEU/ri-orchestration-twitter/rest_handler.go:225.2,225.15 1 0
github.com/OpenReqEU/ri-orchestration-twitter/rest_handler.go:213.16,216.3 2 0
github.com/OpenReqEU/ri-orchestration-twitter/rest_handler.go:220.16,223.3 2 0
github.com/OpenReqEU/ri-orchestration-twitter/rest_handler.go:228.81,237.16 8 0
github.com/OpenReqEU/ri-orchestration-twitter/rest_handler.go:241.2,244.16 3 0
github.com/OpenReqEU/ri-orchestration-twitter/rest_handler.go:249.2,249.15 1 0
github.com/OpenReqEU/ri-orchestration-twitter/rest_handler.go:237.16,240.3 2 0
github.com/OpenReqEU/ri-orchestration-twitter/rest_handler.go:244.16,247.3 2 0
github.com/OpenReqEU/ri-orchestration-twitter/rest_handler.go:253.66,258.16 4 0
github.com/OpenReqEU/ri-orchestration-twitter/rest_handler.go:262.2,267.16 6 0
github.com/OpenReqEU/ri-orchestration-twitter/rest_handler.go:271.2,274.16 3 0
github.com/OpenReqEU/ri-orchestration-twitter/rest_handler.go:278.2,278.25 1 0
github.com/OpenReqEU/ri-orchestration-twitter/rest_handler.go:258.16,260.3 1 0
github.com/OpenReqEU/ri-orchestration-twitter/rest_handler.go:267.16,270.3 2 0
github.com/OpenReqEU/ri-orchestration-twitter/rest_handler.go:274.16,276.3 1 0
github.com/OpenReqEU/ri-orchestration-twitter/rest_handler.go:282.47,285.16 3 0
github.com/OpenReqEU/ri-orchestration-twitter/rest_handler.go:289.2,294.16 6 0
github.com/OpenReqEU/ri-orchestration-twitter/rest_handler.go:297.2,299.30 2 0
github.com/OpenReqEU/ri-orchestration-twitter/rest_handler.go:285.16,287.3 1 0
github.com/OpenReqEU/ri-orchestration-twitter/rest_handler.go:294.16,296.3 1 0
github.com/OpenReqEU/ri-orchestration-twitter/rest_handler.go:303.57,306.16 3 0
github.com/OpenReqEU/ri-orchestration-twitter/rest_handler.go:310.2,315.16 6 0
github.com/OpenReqEU/ri-orchestration-twitter/rest_handler.go:318.2,320.30 2 0
github.com/OpenReqEU/ri-orchestration-twitter/rest_handler.go:306.16,308.3 1 0
github.com/OpenReqEU/ri-orchestration-twitter/rest_handler.go:315.16,317.3 1 0
github.com/OpenReqEU/ri-orchestration-twitter/rest_handler.go:324.58,329.16 4 0
github.com/OpenReqEU/ri-orchestration-twitter/rest_handler.go:333.2,338.16 6 0
github.com/OpenReqEU/ri-orchestration-twitter/rest_handler.go:341.2,344.16 3 0
github.com/OpenReqEU/ri-orchestration-twitter/rest_handler.go:348.2,348.20 1 0
github.com/OpenReqEU/ri-orchestration-twitter/rest_handler.go:329.16,331.3 1 0
github.com/OpenReqEU/ri-orchestration-twitter/rest_handler.go:338.16,340.3 1 0
github.com/OpenReqEU/ri-orchestration-twitter/rest_handler.go:344.16,346.3 1 0
github.com/OpenReqEU/ri-orchestration-twitter/rest_handler.go:352.49,355.16 3 0
github.com/OpenReqEU/ri-orchestration-twitter/rest_handler.go:359.2,364.16 6 0
github.com/OpenReqEU/ri-orchestration-twitter/rest_handler.go:367.2,369.30 2 0
github.com/OpenReqEU/ri-orchestration-twitter/rest_handler.go:355.16,357.3 1 0
github.com/OpenReqEU/ri-orchestration-twitter/rest_handler.go:364.16,366.3 1 0
github.com/OpenReqEU/ri-orchestration-twitter/set.go:18.20,22.2 3 1
github.com/OpenReqEU/ri-orchestration-twitter/set.go:24.61,26.2 1 0
github.com/OpenReqEU/ri-orchestration-twitter/set.go:28.34,30.2 1 0
github.com/OpenReqEU/ri-orchestration-twitter/set.go:32.41,35.2 2 0
github.com/OpenReqEU/ri-orchestration-twitter/set.go:37.31,39.23 2 1
github.com/OpenReqEU/ri-orchestration-twitter/set.go:44.2,44.32 1 1
github.com/OpenReqEU/ri-orchestration-twitter/set.go:39.23,42.3 2 0
github.com/OpenReqEU/ri-orchestration-twitter/starter.go:15.13,29.2 11 0
github.com/OpenReqEU/ri-orchestration-twitter/starter.go:31.13,36.2 3 1
github.com/OpenReqEU/ri-orchestration-twitter/starter.go:46.75,57.43 8 1
github.com/OpenReqEU/ri-orchestration-twitter/starter.go:64.2,68.9 3 1
github.com/OpenReqEU/ri-orchestration-twitter/starter.go:74.2,80.105 4 1
github.com/OpenReqEU/ri-orchestration-twitter/starter.go:57.43,62.3 4 1
github.com/OpenReqEU/ri-orchestration-twitter/starter.go:68.9,72.3 3 0
github.com/OpenReqEU/ri-orchestration-twitter/starter.go:83.81,94.2 6 0
github.com/OpenReqEU/ri-orchestration-twitter/starter.go:104.64,113.43 7 0
github.com/OpenReqEU/ri-orchestration-twitter/starter.go:119.2,119.37 1 0
github.com/OpenReqEU/ri-orchestration-twitter/starter.go:125.2,128.100 3 0
github.com/OpenReqEU/ri-orchestration-twitter/starter.go:113.43,117.3 3 0
github.com/OpenReqEU/ri-orchestration-twitter/starter.go:119.37,123.3 3 0
github.com/OpenReqEU/ri-orchestration-twitter/starter.go:131.76,136.2 3 0
